<?xml version="1.0" encoding="UTF-8"?>
<!-- Generated by org.testng.reporters.JUnitReportReporter -->
<testsuite hostname="DESKTOP-H699HBM" failures="0" tests="5" name="testclass.Aspire" time="55.348" errors="0" timestamp="2022-04-10T15:32:05 IST" skipped="0">
  <testcase classname="testclass.Aspire" name="Login" time="9.062"/>
  <system-out/>
  <testcase classname="testclass.Aspire" name="NewProduct" time="14.799"/>
  <system-out/>
  <testcase classname="testclass.Aspire" name="UpdateQty" time="10.569"/>
  <system-out/>
  <testcase classname="testclass.Aspire" name="ManufacturingOrder" time="12.536"/>
  <system-out/>
  <testcase classname="testclass.Aspire" name="FinalDoneAndVAlidation" time="8.382"/>
  <system-out/>
</testsuite> <!-- testclass.Aspire -->
